Installation Next 13 done at Fri Nov 25 12:21:07 UTC 2022 !
Installation Next 13 done at Fri Nov 25 12:38:31 UTC 2022 !
Installation Next 13 done at Sun Nov 27 12:28:27 UTC 2022 !
Installation Next 13 done at Mon Nov 28 10:41:25 UTC 2022 !
Installation Next 13 done at Mon Nov 28 14:56:30 UTC 2022 !
Installation Next 13 done at Mon Nov 28 20:50:36 UTC 2022 !
Installation Next 13 done at Mon Nov 28 21:04:59 UTC 2022 !
Installation Next 13 done at Mon Nov 28 21:18:15 UTC 2022 !
Installation Next 13 done at Mon Nov 28 21:31:19 UTC 2022 !
Installation Next 13 done at Mon Nov 28 22:07:03 UTC 2022 !
Installation Next 13 done at Tue Nov 29 11:01:49 UTC 2022 !
Installation Next 13 done at Tue Nov 29 11:04:41 UTC 2022 !
Installation Next 13 done at Tue Nov 29 11:09:58 UTC 2022 !
Installation Next 13 done at Tue Nov 29 11:47:34 UTC 2022 !
Installation Next 13 done at Tue Nov 29 11:48:56 UTC 2022 !
Installation Next 13 done at Tue Nov 29 11:51:08 UTC 2022 !
Installation Next 13 done at Tue Nov 29 11:52:15 UTC 2022 !
Installation Next 13 done at Tue Nov 29 11:52:39 UTC 2022 !
Installation Next 13 done at Tue Nov 29 11:56:42 UTC 2022 !
Installation Next 13 done at Tue Nov 29 14:54:28 UTC 2022 !
Installation Next 13 done at Tue Nov 29 16:02:49 UTC 2022 !
Installation Next 13 done at Tue Nov 29 20:12:00 UTC 2022 !
Installation Next 13 done at Wed Nov 30 11:18:01 UTC 2022 !
Installation Next 13 done at Thu Dec  1 20:57:49 UTC 2022 !
Installation Next 13 done at Thu Dec  1 22:26:07 UTC 2022 !
Installation Next 13 done at Fri Dec  2 08:22:41 UTC 2022 !
Installation Next 13 done at Fri Dec  2 15:17:21 UTC 2022 !
Installation Next 13 done at Fri Dec  2 15:18:44 UTC 2022 !
Installation Next 13 done at Fri Dec  2 15:20:49 UTC 2022 !
Installation Next 13 done at Fri Dec  2 15:22:22 UTC 2022 !
Installation Next 13 done at Fri Dec  2 15:43:02 UTC 2022 !
Installation Next 13 done at Fri Dec  2 17:59:51 UTC 2022 !
Installation Next 13 done at Sun Dec  4 16:09:16 UTC 2022 !
Installation Next 13 done at Sun Dec  4 20:53:03 UTC 2022 !
Installation Next 13 done at Sun Dec  4 21:02:25 UTC 2022 !
Installation Next 13 done at Mon Dec  5 08:15:11 UTC 2022 !
Installation Next 13 done at Mon Dec  5 20:14:58 UTC 2022 !
Installation Next 13 done at Tue Dec  6 07:17:59 UTC 2022 !
Installation Next 13 done at Tue Dec  6 17:37:54 UTC 2022 !
Installation Next 13 done at Mon Dec 19 10:43:46 UTC 2022 !
